<?xml version="1.0" encoding="UTF-8"?>
<!-- Generated by org.testng.reporters.JUnitReportReporter -->
<testsuite skipped="0" hostname="OlivaGallo-PC" name="case_4.Case_4_Test" tests="1" failures="0" timestamp="31 Dec 2019 16:59:48 GMT" time="2.903" errors="0">
  <testcase name="BrokenLinks" time="2.903" classname="case_4.Case_4_Test"/>
</testsuite> <!-- case_4.Case_4_Test -->
