<?xml version="1.0" encoding="UTF-8"?>
<!-- Generated by org.testng.reporters.JUnitReportReporter -->
<testsuite skipped="0" hostname="OlivaGallo-PC" name="case_2.Case_2_Test" tests="6" failures="0" timestamp="31 Dec 2019 16:59:48 GMT" time="6.020" errors="0">
  <testcase name="Return" time="0.616" classname="case_2.Case_2_Test"/>
  <testcase name="Depart" time="0.096" classname="case_2.Case_2_Test"/>
  <testcase name="FlightDetails" time="0.743" classname="case_2.Case_2_Test"/>
  <testcase name="Login" time="2.273" classname="case_2.Case_2_Test"/>
  <testcase name="Logout" time="0.959" classname="case_2.Case_2_Test"/>
  <testcase name="Purchase" time="1.333" classname="case_2.Case_2_Test"/>
</testsuite> <!-- case_2.Case_2_Test -->
