<?xml version="1.0" encoding="UTF-8"?>
<!-- Generated by org.testng.reporters.JUnitReportReporter -->
<testsuite skipped="0" hostname="OlivaGallo-PC" name="case_3.Case_3_Test" tests="3" failures="0" timestamp="31 Dec 2019 16:59:48 GMT" time="3.479" errors="0">
  <testcase name="Cruises" time="0.557" classname="case_3.Case_3_Test"/>
  <testcase name="Logout" time="0.606" classname="case_3.Case_3_Test"/>
  <testcase name="Login" time="2.316" classname="case_3.Case_3_Test"/>
</testsuite> <!-- case_3.Case_3_Test -->
