<?xml version="1.0" encoding="UTF-8"?>
<!-- Generated by org.testng.reporters.JUnitReportReporter -->
<testsuite skipped="0" hostname="OlivaGallo-PC" name="case_1.Case_1_Test" tests="2" failures="0" timestamp="31 Dec 2019 17:59:04 GMT" time="3.155" errors="0">
  <testcase name="Logout" time="0.675" classname="case_1.Case_1_Test"/>
  <testcase name="Login" time="2.480" classname="case_1.Case_1_Test"/>
</testsuite> <!-- case_1.Case_1_Test -->
