<?xml version="1.0" encoding="UTF-8"?>
<!-- Generated by org.testng.reporters.JUnitReportReporter -->
<testsuite skipped="0" hostname="OlivaGallo-PC" name="case_3.Case_3_Test" tests="6" failures="0" timestamp="06 Aug 2019 19:05:48 GMT" time="36.711" errors="0">
  <testcase name="Login" time="13.580" classname="case_3.Case_3_Test"/>
  <testcase name="Search" time="9.991" classname="case_3.Case_3_Test"/>
  <testcase name="Product" time="6.508" classname="case_3.Case_3_Test"/>
  <testcase name="WishList" time="3.086" classname="case_3.Case_3_Test"/>
  <testcase name="ViewList" time="2.359" classname="case_3.Case_3_Test"/>
  <testcase name="AddToCart" time="1.187" classname="case_3.Case_3_Test"/>
</testsuite> <!-- case_3.Case_3_Test -->
