<?xml version="1.0" encoding="UTF-8"?>
<!-- Generated by org.testng.reporters.JUnitReportReporter -->
<testsuite skipped="0" hostname="OlivaGallo-PC" name="case_1.Case_1_Test" tests="3" failures="0" timestamp="06 Aug 2019 19:05:48 GMT" time="13.883" errors="0">
  <testcase name="Ongoing" time="4.259" classname="case_1.Case_1_Test"/>
  <testcase name="Logout" time="8.075" classname="case_1.Case_1_Test"/>
  <testcase name="Login" time="1.549" classname="case_1.Case_1_Test"/>
</testsuite> <!-- case_1.Case_1_Test -->
