<?xml version="1.0" encoding="UTF-8"?>
<!-- Generated by org.testng.reporters.JUnitReportReporter -->
<testsuite skipped="0" hostname="OlivaGallo-PC" name="case_2.Case_2_Test" tests="6" failures="0" timestamp="31 Dec 2019 17:59:04 GMT" time="7.152" errors="0">
  <testcase name="Login" time="2.889" classname="case_2.Case_2_Test"/>
  <testcase name="Logout" time="0.606" classname="case_2.Case_2_Test"/>
  <testcase name="Depart" time="0.099" classname="case_2.Case_2_Test"/>
  <testcase name="Return" time="1.233" classname="case_2.Case_2_Test"/>
  <testcase name="Purchase" time="1.641" classname="case_2.Case_2_Test"/>
  <testcase name="FlightDetails" time="0.684" classname="case_2.Case_2_Test"/>
</testsuite> <!-- case_2.Case_2_Test -->
