<?xml version="1.0" encoding="UTF-8"?>
<!-- Generated by org.testng.reporters.JUnitReportReporter -->
<testsuite skipped="0" hostname="OlivaGallo-PC" name="case_3.Case_3_Test" tests="3" failures="0" timestamp="31 Dec 2019 17:59:04 GMT" time="3.665" errors="0">
  <testcase name="Cruises" time="0.649" classname="case_3.Case_3_Test"/>
  <testcase name="Logout" time="0.578" classname="case_3.Case_3_Test"/>
  <testcase name="Login" time="2.438" classname="case_3.Case_3_Test"/>
</testsuite> <!-- case_3.Case_3_Test -->
